<?xml version="1.0" encoding="UTF-8"?>
<robot generator="Robot 7.0.1 (Python 3.12.4 on win32)" generated="2024-07-11T13:59:48.000457" rpa="false" schemaversion="5">
<suite id="s1" name="Computer" source="C:\Users\ELCOT\PycharmProjects\pythonProject5\Tests\Computer.robot">
<test id="s1-t1" name="DesktopTest" line="10">
<kw name="Open Browser" owner="SeleniumLibrary">
<msg time="2024-07-11T13:59:51.421027" level="INFO">Opening browser 'chrome' to base url 'https://demo.nopcommerce.com/'.</msg>
<arg>${url}</arg>
<arg>${browser}</arg>
<doc>Opens a new browser instance to the optional ``url``.</doc>
<status status="PASS" start="2024-07-11T13:59:51.421027" elapsed="29.990040"/>
</kw>
<kw name="Maximize Browser Window" owner="SeleniumLibrary">
<doc>Maximizes current browser window.</doc>
<status status="PASS" start="2024-07-11T14:00:21.411067" elapsed="6.904610"/>
</kw>
<kw name="Click Link" owner="SeleniumLibrary">
<msg time="2024-07-11T14:00:28.317677" level="INFO">Clicking link 'xpath:/html/body/div[6]/div[2]/ul[1]/li[1]/a'.</msg>
<msg time="2024-07-11T14:05:31.118399" level="INFO" html="true">&lt;/td&gt;&lt;/tr&gt;&lt;tr&gt;&lt;td colspan="3"&gt;&lt;a href="selenium-screenshot-1.png"&gt;&lt;img src="selenium-screenshot-1.png" width="800px"&gt;&lt;/a&gt;</msg>
<msg time="2024-07-11T14:05:31.118399" level="FAIL">TimeoutException: Message: timeout: Timed out receiving message from renderer: 300.000
  (Session info: chrome=126.0.6478.127)
Stacktrace:
	GetHandleVerifier [0x00007FF66AF1EEA2+31554]
	(No symbol) [0x00007FF66AE97ED9]
	(No symbol) [0x00007FF66AD5872A]
	(No symbol) [0x00007FF66AD40FDD]
	(No symbol) [0x00007FF66AD40CE0]
	(No symbol) [0x00007FF66AD3EC6D]
	(No symbol) [0x00007FF66AD3F47F]
	(No symbol) [0x00007FF66AD4E25E]
	(No symbol) [0x00007FF66AD6674F]
	(No symbol) [0x00007FF66AD6C16A]
	(No symbol) [0x00007FF66AD3FC0A]
	(No symbol) [0x00007FF66AD6656D]
	(No symbol) [0x00007FF66ADECCD5]
	(No symbol) [0x00007FF66ADCCDD3]
	(No symbol) [0x00007FF66AD9A33B]
	(No symbol) [0x00007FF66AD9AED1]
	GetHandleVerifier [0x00007FF66B228B1D+3217341]
	GetHandleVerifier [0x00007FF66B275AE3+3532675]
	GetHandleVerifier [0x00007FF66B26B0E0+3489152]
	GetHandleVerifier [0x00007FF66AFCE776+750614]
	(No symbol) [0x00007FF66AEA375F]
	(No symbol) [0x00007FF66AE9EB14]
	(No symbol) [0x00007FF66AE9ECA2]
	(No symbol) [0x00007FF66AE8E16F]
	BaseThreadInitThunk [0x00007FFBB15B7344+20]
	RtlUserThreadStart [0x00007FFBB1E226B1+33]
</msg>
<arg>xpath:/html/body/div[6]/div[2]/ul[1]/li[1]/a</arg>
<doc>Clicks a link identified by ``locator``.</doc>
<status status="FAIL" start="2024-07-11T14:00:28.316679" elapsed="307.591721">TimeoutException: Message: timeout: Timed out receiving message from renderer: 300.000
  (Session info: chrome=126.0.6478.127)
Stacktrace:
	GetHandleVerifier [0x00007FF66AF1EEA2+31554]
	(No symbol) [0x00007FF66AE97ED9]
	(No symbol) [0x00007FF66AD5872A]
	(No symbol) [0x00007FF66AD40FDD]
	(No symbol) [0x00007FF66AD40CE0]
	(No symbol) [0x00007FF66AD3EC6D]
	(No symbol) [0x00007FF66AD3F47F]
	(No symbol) [0x00007FF66AD4E25E]
	(No symbol) [0x00007FF66AD6674F]
	(No symbol) [0x00007FF66AD6C16A]
	(No symbol) [0x00007FF66AD3FC0A]
	(No symbol) [0x00007FF66AD6656D]
	(No symbol) [0x00007FF66ADECCD5]
	(No symbol) [0x00007FF66ADCCDD3]
	(No symbol) [0x00007FF66AD9A33B]
	(No symbol) [0x00007FF66AD9AED1]
	GetHandleVerifier [0x00007FF66B228B1D+3217341]
	GetHandleVerifier [0x00007FF66B275AE3+3532675]
	GetHandleVerifier [0x00007FF66B26B0E0+3489152]
	GetHandleVerifier [0x00007FF66AFCE776+750614]
	(No symbol) [0x00007FF66AEA375F]
	(No symbol) [0x00007FF66AE9EB14]
	(No symbol) [0x00007FF66AE9ECA2]
	(No symbol) [0x00007FF66AE8E16F]
	BaseThreadInitThunk [0x00007FFBB15B7344+20]
	RtlUserThreadStart [0x00007FFBB1E226B1+33]
</status>
</kw>
<kw name="Click Link" owner="SeleniumLibrary">
<arg>xpath:/html/body/div[6]/div[2]/ul[1]/li[1]/ul/li[1]/a</arg>
<doc>Clicks a link identified by ``locator``.</doc>
<status status="NOT RUN" start="2024-07-11T14:05:35.923907" elapsed="0.000000"/>
</kw>
<kw name="Select Window">
<arg>title=nopCommerce demo store. Desktops</arg>
<status status="NOT RUN" start="2024-07-11T14:05:35.923907" elapsed="0.000000"/>
</kw>
<kw name="Click Element" owner="SeleniumLibrary">
<arg>xpath://*[@id="main"]/div/div[3]/div/div[2]/div[2]/div[2]/div/div/div[1]/div/div[2]/div[3]/div[2]/button[1]</arg>
<doc>Click the element identified by ``locator``.</doc>
<status status="NOT RUN" start="2024-07-11T14:05:35.923907" elapsed="0.000000"/>
</kw>
<kw name="Capture Page Screenshot" owner="SeleniumLibrary">
<arg>${screenshot_dir}/desktop_product.png</arg>
<doc>Takes a screenshot of the current page and embeds it into a log file.</doc>
<status status="NOT RUN" start="2024-07-11T14:05:35.923907" elapsed="0.000000"/>
</kw>
<kw name="Close Browser" owner="SeleniumLibrary" type="TEARDOWN">
<doc>Closes the current browser.</doc>
<status status="PASS" start="2024-07-11T14:05:35.923907" elapsed="5.757049"/>
</kw>
<status status="FAIL" start="2024-07-11T13:59:51.421027" elapsed="350.259929">TimeoutException: Message: timeout: Timed out receiving message from renderer: 300.000
  (Session info: chrome=126.0.6478.127)
Stacktrace:
	GetHandleVerifier [0x00007FF66AF1EEA2+31554]
	(No symbol) [0x00007FF66AE97ED9]
	(No symbol) [0x00007FF66AD5872A]
	(No symbol) [0x00007FF66AD40FDD]
	(No symbol) [0x00007FF66AD40CE0]
	(No symbol) [0x00007FF66AD3EC6D]
	(No symbol) [0x00007FF66AD3F47F]
	(No symbol) [0x00007FF66AD4E25E]
	(No symbol) [0x00007FF66AD6674F]
	(No symbol) [0x00007FF66AD6C16A]
	(No symbol) [0x00007FF66AD3FC0A]
	(No symbol) [0x00007FF66AD6656D]
	(No symbol) [0x00007FF66ADECCD5]
	(No symbol) [0x00007FF66ADCCDD3]
	(No symbol) [0x00007FF66AD9A33B]
	(No symbol) [0x00007FF66AD9AED1]
	GetHandleVerifier [0x00007FF66B228B1D+3217341]
	GetHandleVerifier [0x00007FF66B275AE3+3532675]
	GetHandleVerifier [0x00007FF66B26B0E0+3489152]
	GetHandleVerifier [0x00007FF66AFCE776+750614]
	(No symbol) [0x00007FF66AEA375F]
	(No symbol) [0x00007FF66AE9EB14]
	(No symbol) [0x00007FF66AE9ECA2]
	(No symbol) [0x00007FF66AE8E16F]
	BaseThreadInitThunk [0x00007FFBB15B7344+20]
	RtlUserThreadStart [0x00007FFBB1E226B1+33]
</status>
</test>
<status status="FAIL" start="2024-07-11T13:59:48.000457" elapsed="353.696130"/>
</suite>
<statistics>
<total>
<stat pass="0" fail="1" skip="0">All Tests</stat>
</total>
<tag>
</tag>
<suite>
<stat pass="0" fail="1" skip="0" id="s1" name="Computer">Computer</stat>
</suite>
</statistics>
<errors>
</errors>
</robot>
